[LOG]: Bianca entrou no jogo com o personagem Billy!
[LOG]: Livia entrou no jogo com o personagem Bobby!
[LOG]: Bianca causou 12 dano em Livia
[LOG]: Livia causou 14 dano em Bianca
[LOG]: Bianca mudou para o modo defesa.
[LOG]: Livia causou 12 dano em Bianca
[LOG]: Bianca causou 12 dano em Livia
[LOG]: Livia mudou para o modo defesa.
[LOG]: Bianca causou 8 dano em Livia
[LOG]: Livia causou 14 dano em Bianca
[LOG]: Bianca usou o especial e causou 50 dano em Livia.
[LOG]: Livia recebeu 5 dano por queimadura
[LOG]: Livia causou 14 dano em Bianca
[LOG]: Bianca causou 12 dano em Livia
[LOG]: Livia recebeu 5 dano por queimadura
[LOG]: Livia usou o especial e causou 20 dano em Bianca.
[LOG]: Bianca causou 12 dano em Livia
[LOG]: Livia recebeu 5 dano por queimadura
[LOG]: Livia causou 14 dano em Bianca
[LOG]: Bianca usou o especial e causou 50 dano em Livia.
[LOG]: O jogador Bianca venceu com 42 pontos de vida restantes
